-------------------------------------------------------------------------------
Test set: com.easygroup.neargrocery.UsuarioServiceCmd.UsuarioServiceCmdApplicationTests
-------------------------------------------------------------------------------
Tests run: 1, Failures: 0, Errors: 1, Skipped: 0, Time elapsed: 117.847 s <<< FAILURE! - in com.easygroup.neargrocery.UsuarioServiceCmd.UsuarioServiceCmdApplicationTests
contextLoads(com.easygroup.neargrocery.UsuarioServiceCmd.UsuarioServiceCmdApplicationTests)  Time elapsed: 0.069 s  <<< ERROR!
java.lang.IllegalStateException: Failed to load ApplicationContext
Caused by: org.springframework.beans.factory.BeanCreationException: Error creating bean with name 'org.springframework.cloud.autoconfigure.RefreshAutoConfiguration$JpaInvokerConfiguration': Invocation of init method failed; nested exception is org.springframework.beans.factory.BeanCreationException: Error creating bean with name 'org.springframework.boot.autoconfigure.jdbc.DataSourceInitializerInvoker': Invocation of init method failed; nested exception is org.springframework.beans.factory.BeanCreationException: Error creating bean with name 'mySQLAppConfig': Injection of autowired dependencies failed; nested exception is java.lang.IllegalArgumentException: Could not resolve placeholder 'MYSQL_HOST' in value "jdbc:mysql://${MYSQL_HOST}:3306/neargrocery"
Caused by: org.springframework.beans.factory.BeanCreationException: Error creating bean with name 'org.springframework.boot.autoconfigure.jdbc.DataSourceInitializerInvoker': Invocation of init method failed; nested exception is org.springframework.beans.factory.BeanCreationException: Error creating bean with name 'mySQLAppConfig': Injection of autowired dependencies failed; nested exception is java.lang.IllegalArgumentException: Could not resolve placeholder 'MYSQL_HOST' in value "jdbc:mysql://${MYSQL_HOST}:3306/neargrocery"
Caused by: org.springframework.beans.factory.BeanCreationException: Error creating bean with name 'mySQLAppConfig': Injection of autowired dependencies failed; nested exception is java.lang.IllegalArgumentException: Could not resolve placeholder 'MYSQL_HOST' in value "jdbc:mysql://${MYSQL_HOST}:3306/neargrocery"
Caused by: java.lang.IllegalArgumentException: Could not resolve placeholder 'MYSQL_HOST' in value "jdbc:mysql://${MYSQL_HOST}:3306/neargrocery"

