-------------------------------------------------------------------------------
Test set: com.easygroup.neargrocery.UsuarioServiceCmd.UsuarioServiceCmdApplicationTests
-------------------------------------------------------------------------------
Tests run: 1, Failures: 0, Errors: 1, Skipped: 0, Time elapsed: 35.919 s <<< FAILURE! - in com.easygroup.neargrocery.UsuarioServiceCmd.UsuarioServiceCmdApplicationTests
contextLoads(com.easygroup.neargrocery.UsuarioServiceCmd.UsuarioServiceCmdApplicationTests)  Time elapsed: 0.054 s  <<< ERROR!
java.lang.IllegalStateException: Failed to load ApplicationContext
Caused by: org.springframework.beans.factory.UnsatisfiedDependencyException: Error creating bean with name 'storeApplicationService': Unsatisfied dependency expressed through field 'usuarioService'; nested exception is org.springframework.beans.factory.UnsatisfiedDependencyException: Error creating bean with name 'usuarioService' defined in file [/home/lvergara/Documents/gitNeargrocery/Usuario-Service-Cmd/target/classes/com/easygroup/neargrocery/UsuarioServiceCmd/aggregates/domain/UsuarioServiceImpl.class]: Unsatisfied dependency expressed through constructor parameter 0; nested exception is org.springframework.beans.factory.UnsatisfiedDependencyException: Error creating bean with name 'usuarioRepository' defined in file [/home/lvergara/Documents/gitNeargrocery/Usuario-Service-Cmd/target/classes/com/easygroup/neargrocery/UsuarioServiceCmd/domain/repository/InMemUsuarioRepository.class]: Unsatisfied dependency expressed through constructor parameter 0; nested exception is org.springframework.beans.factory.BeanCreationException: Error creating bean with name 'sessionFactory' defined in class path resource [com/easygroup/neargrocery/UsuarioServiceCmd/domain/config/MySQLAppConfig.class]: Bean instantiation via factory method failed; nested exception is org.springframework.beans.BeanInstantiationException: Failed to instantiate [org.hibernate.SessionFactory]: Factory method 'getSessionFactory' threw exception; nested exception is org.hibernate.service.spi.ServiceException: Unable to create requested service [org.hibernate.engine.jdbc.env.spi.JdbcEnvironment]
Caused by: org.springframework.beans.factory.UnsatisfiedDependencyException: Error creating bean with name 'usuarioService' defined in file [/home/lvergara/Documents/gitNeargrocery/Usuario-Service-Cmd/target/classes/com/easygroup/neargrocery/UsuarioServiceCmd/aggregates/domain/UsuarioServiceImpl.class]: Unsatisfied dependency expressed through constructor parameter 0; nested exception is org.springframework.beans.factory.UnsatisfiedDependencyException: Error creating bean with name 'usuarioRepository' defined in file [/home/lvergara/Documents/gitNeargrocery/Usuario-Service-Cmd/target/classes/com/easygroup/neargrocery/UsuarioServiceCmd/domain/repository/InMemUsuarioRepository.class]: Unsatisfied dependency expressed through constructor parameter 0; nested exception is org.springframework.beans.factory.BeanCreationException: Error creating bean with name 'sessionFactory' defined in class path resource [com/easygroup/neargrocery/UsuarioServiceCmd/domain/config/MySQLAppConfig.class]: Bean instantiation via factory method failed; nested exception is org.springframework.beans.BeanInstantiationException: Failed to instantiate [org.hibernate.SessionFactory]: Factory method 'getSessionFactory' threw exception; nested exception is org.hibernate.service.spi.ServiceException: Unable to create requested service [org.hibernate.engine.jdbc.env.spi.JdbcEnvironment]
Caused by: org.springframework.beans.factory.UnsatisfiedDependencyException: Error creating bean with name 'usuarioRepository' defined in file [/home/lvergara/Documents/gitNeargrocery/Usuario-Service-Cmd/target/classes/com/easygroup/neargrocery/UsuarioServiceCmd/domain/repository/InMemUsuarioRepository.class]: Unsatisfied dependency expressed through constructor parameter 0; nested exception is org.springframework.beans.factory.BeanCreationException: Error creating bean with name 'sessionFactory' defined in class path resource [com/easygroup/neargrocery/UsuarioServiceCmd/domain/config/MySQLAppConfig.class]: Bean instantiation via factory method failed; nested exception is org.springframework.beans.BeanInstantiationException: Failed to instantiate [org.hibernate.SessionFactory]: Factory method 'getSessionFactory' threw exception; nested exception is org.hibernate.service.spi.ServiceException: Unable to create requested service [org.hibernate.engine.jdbc.env.spi.JdbcEnvironment]
Caused by: org.springframework.beans.factory.BeanCreationException: Error creating bean with name 'sessionFactory' defined in class path resource [com/easygroup/neargrocery/UsuarioServiceCmd/domain/config/MySQLAppConfig.class]: Bean instantiation via factory method failed; nested exception is org.springframework.beans.BeanInstantiationException: Failed to instantiate [org.hibernate.SessionFactory]: Factory method 'getSessionFactory' threw exception; nested exception is org.hibernate.service.spi.ServiceException: Unable to create requested service [org.hibernate.engine.jdbc.env.spi.JdbcEnvironment]
Caused by: org.springframework.beans.BeanInstantiationException: Failed to instantiate [org.hibernate.SessionFactory]: Factory method 'getSessionFactory' threw exception; nested exception is org.hibernate.service.spi.ServiceException: Unable to create requested service [org.hibernate.engine.jdbc.env.spi.JdbcEnvironment]
Caused by: org.hibernate.service.spi.ServiceException: Unable to create requested service [org.hibernate.engine.jdbc.env.spi.JdbcEnvironment]
Caused by: org.hibernate.HibernateException: Access to DialectResolutionInfo cannot be null when 'hibernate.dialect' not set

